  Main.cpp
c:\users\mark_\documents\herkansingen\linal\framework\sdlframework\sdlframework\matrix.hpp(134): warning C4305: 'argument': truncation from 'double' to 'float'
c:\users\mark_\documents\herkansingen\linal\framework\sdlframework\sdlframework\matrix.hpp(135): warning C4305: 'argument': truncation from 'double' to 'float'
c:\users\mark_\documents\herkansingen\linal\framework\sdlframework\sdlframework\main.cpp(94): warning C4065: switch statement contains 'default' but no 'case' labels
c:\users\mark_\documents\herkansingen\linal\framework\sdlframework\sdlframework\matrix.hpp(88): warning C4244: '+=': conversion from 'double' to 'float', possible loss of data
  c:\users\mark_\documents\herkansingen\linal\framework\sdlframework\sdlframework\matrix.hpp(80): note: while compiling class template member function 'Linal::Matrix<float> &Linal::Matrix<float>::operator *(const Linal::Matrix<float> &)'
  c:\users\mark_\documents\herkansingen\linal\framework\sdlframework\sdlframework\main.cpp(49): note: see reference to function template instantiation 'Linal::Matrix<float> &Linal::Matrix<float>::operator *(const Linal::Matrix<float> &)' being compiled
  c:\users\mark_\documents\herkansingen\linal\framework\sdlframework\sdlframework\matrix.hpp(132): note: see reference to class template instantiation 'Linal::Matrix<float>' being compiled
  Generating Code...
  Compiling...
  vector.cpp
c:\users\mark_\documents\herkansingen\linal\framework\sdlframework\sdlframework\matrix.hpp(134): warning C4305: 'argument': truncation from 'double' to 'float'
c:\users\mark_\documents\herkansingen\linal\framework\sdlframework\sdlframework\matrix.hpp(135): warning C4305: 'argument': truncation from 'double' to 'float'
c:\users\mark_\documents\herkansingen\linal\framework\sdlframework\sdlframework\vector.cpp(29): warning C4244: 'argument': conversion from 'double' to 'int', possible loss of data
c:\users\mark_\documents\herkansingen\linal\framework\sdlframework\sdlframework\vector.cpp(34): warning C4244: 'argument': conversion from 'double' to 'int', possible loss of data
c:\users\mark_\documents\herkansingen\linal\framework\sdlframework\sdlframework\vector.cpp(39): warning C4244: 'argument': conversion from 'double' to 'int', possible loss of data
c:\users\mark_\documents\herkansingen\linal\framework\sdlframework\sdlframework\vector.cpp(44): warning C4244: 'argument': conversion from 'double' to 'int', possible loss of data
c:\users\mark_\documents\herkansingen\linal\framework\sdlframework\sdlframework\vector.cpp(50): warning C4244: 'argument': conversion from 'double' to 'int', possible loss of data
  point.cpp
c:\users\mark_\documents\herkansingen\linal\framework\sdlframework\sdlframework\matrix.hpp(134): warning C4305: 'argument': truncation from 'double' to 'float'
c:\users\mark_\documents\herkansingen\linal\framework\sdlframework\sdlframework\matrix.hpp(135): warning C4305: 'argument': truncation from 'double' to 'float'
  canvas.cpp
c:\users\mark_\documents\herkansingen\linal\framework\sdlframework\sdlframework\matrix.hpp(134): warning C4305: 'argument': truncation from 'double' to 'float'
c:\users\mark_\documents\herkansingen\linal\framework\sdlframework\sdlframework\matrix.hpp(135): warning C4305: 'argument': truncation from 'double' to 'float'
c:\users\mark_\documents\herkansingen\linal\framework\sdlframework\sdlframework\canvas.cpp(39): warning C4244: 'argument': conversion from 'double' to 'int', possible loss of data
c:\users\mark_\documents\herkansingen\linal\framework\sdlframework\sdlframework\canvas.cpp(45): warning C4244: 'argument': conversion from 'double' to 'int', possible loss of data
  Generating Code...
c:\users\mark_\documents\herkansingen\linal\framework\sdlframework\sdlframework\vector.cpp(29): warning C4172: returning address of local variable or temporary
c:\users\mark_\documents\herkansingen\linal\framework\sdlframework\sdlframework\vector.cpp(34): warning C4172: returning address of local variable or temporary
c:\users\mark_\documents\herkansingen\linal\framework\sdlframework\sdlframework\vector.cpp(39): warning C4172: returning address of local variable or temporary
c:\users\mark_\documents\herkansingen\linal\framework\sdlframework\sdlframework\vector.cpp(45): warning C4172: returning address of local variable or temporary: toReturn
  SDLFramework.vcxproj -> C:\Users\mark_\Documents\Herkansingen\LINAL\Framework\SDLFramework\Debug\SDLFramework.exe
