c:\users\mark_\documents\herkansingen\linal\framework\sdlframework\sdlframework\debug\vc140.pdb
c:\users\mark_\documents\herkansingen\linal\framework\sdlframework\sdlframework\debug\vc140.idb
c:\users\mark_\documents\herkansingen\linal\framework\sdlframework\sdlframework\debug\fwapplication.obj
c:\users\mark_\documents\herkansingen\linal\framework\sdlframework\sdlframework\debug\main.obj
c:\users\mark_\documents\herkansingen\linal\framework\sdlframework\sdlframework\debug\examplegameobject.obj
c:\users\mark_\documents\herkansingen\linal\framework\sdlframework\sdlframework\debug\canvas.obj
c:\users\mark_\documents\herkansingen\linal\framework\sdlframework\sdlframework\debug\point.obj
c:\users\mark_\documents\herkansingen\linal\framework\sdlframework\sdlframework\debug\vector.obj
c:\users\mark_\documents\herkansingen\linal\framework\sdlframework\debug\sdlframework.lib
c:\users\mark_\documents\herkansingen\linal\framework\sdlframework\debug\sdlframework.exp
c:\users\mark_\documents\herkansingen\linal\framework\sdlframework\debug\sdlframework.pdb
c:\users\mark_\documents\herkansingen\linal\framework\sdlframework\sdlframework\debug\sdlframework.tlog\cl.command.1.tlog
c:\users\mark_\documents\herkansingen\linal\framework\sdlframework\sdlframework\debug\sdlframework.tlog\cl.read.1.tlog
c:\users\mark_\documents\herkansingen\linal\framework\sdlframework\sdlframework\debug\sdlframework.tlog\cl.write.1.tlog
c:\users\mark_\documents\herkansingen\linal\framework\sdlframework\sdlframework\debug\sdlframework.tlog\link-cvtres.read.1.tlog
c:\users\mark_\documents\herkansingen\linal\framework\sdlframework\sdlframework\debug\sdlframework.tlog\link-cvtres.write.1.tlog
c:\users\mark_\documents\herkansingen\linal\framework\sdlframework\sdlframework\debug\sdlframework.tlog\link-rc.read.1.tlog
c:\users\mark_\documents\herkansingen\linal\framework\sdlframework\sdlframework\debug\sdlframework.tlog\link-rc.write.1.tlog
c:\users\mark_\documents\herkansingen\linal\framework\sdlframework\sdlframework\debug\sdlframework.tlog\link.13656-cvtres.read.1.tlog
c:\users\mark_\documents\herkansingen\linal\framework\sdlframework\sdlframework\debug\sdlframework.tlog\link.13656-cvtres.write.1.tlog
c:\users\mark_\documents\herkansingen\linal\framework\sdlframework\sdlframework\debug\sdlframework.tlog\link.13656-rc.read.1.tlog
c:\users\mark_\documents\herkansingen\linal\framework\sdlframework\sdlframework\debug\sdlframework.tlog\link.13656-rc.write.1.tlog
c:\users\mark_\documents\herkansingen\linal\framework\sdlframework\sdlframework\debug\sdlframework.tlog\link.13656.read.1.tlog
c:\users\mark_\documents\herkansingen\linal\framework\sdlframework\sdlframework\debug\sdlframework.tlog\link.13656.write.1.tlog
c:\users\mark_\documents\herkansingen\linal\framework\sdlframework\sdlframework\debug\sdlframework.tlog\link.command.1.tlog
c:\users\mark_\documents\herkansingen\linal\framework\sdlframework\sdlframework\debug\sdlframework.tlog\link.read.1.tlog
c:\users\mark_\documents\herkansingen\linal\framework\sdlframework\sdlframework\debug\sdlframework.tlog\link.write.1.tlog
c:\users\mark_\documents\herkansingen\linal\framework\sdlframework\sdlframework\debug\sdlframework.tlog\sdlframework.write.1u.tlog
